c:\users\user\desktop\курсовой проект\lek_2017\lek_2017\debug\lek_2017.pch
c:\users\user\desktop\курсовой проект\lek_2017\lek_2017\debug\vc141.pdb
c:\users\user\desktop\курсовой проект\lek_2017\lek_2017\debug\vc141.idb
c:\users\user\desktop\курсовой проект\lek_2017\lek_2017\debug\stdafx.obj
c:\users\user\desktop\курсовой проект\lek_2017\lek_2017\debug\error.obj
c:\users\user\desktop\курсовой проект\lek_2017\lek_2017\debug\fst.obj
c:\users\user\desktop\курсовой проект\lek_2017\lek_2017\debug\gen.obj
c:\users\user\desktop\курсовой проект\lek_2017\lek_2017\debug\grb.obj
c:\users\user\desktop\курсовой проект\lek_2017\lek_2017\debug\in.obj
c:\users\user\desktop\курсовой проект\lek_2017\lek_2017\debug\it.obj
c:\users\user\desktop\курсовой проект\lek_2017\lek_2017\debug\lek_2017.obj
c:\users\user\desktop\курсовой проект\lek_2017\lek_2017\debug\lexanaliz.obj
c:\users\user\desktop\курсовой проект\lek_2017\lek_2017\debug\log.obj
c:\users\user\desktop\курсовой проект\lek_2017\lek_2017\debug\lt.obj
c:\users\user\desktop\курсовой проект\lek_2017\lek_2017\debug\mfst.obj
c:\users\user\desktop\курсовой проект\lek_2017\lek_2017\debug\parm.obj
c:\users\user\desktop\курсовой проект\lek_2017\lek_2017\debug\polish.obj
c:\users\user\desktop\курсовой проект\lek_2017\lek_2017\debug\sem.obj
c:\users\user\desktop\курсовой проект\lek_2017\debug\lek_2017.exe
c:\users\user\desktop\курсовой проект\lek_2017\debug\lek_2017.ilk
c:\users\user\desktop\курсовой проект\lek_2017\debug\lek_2017.pdb
c:\users\user\desktop\курсовой проект\lek_2017\lek_2017\debug\lek_2017.tlog\cl.command.1.tlog
c:\users\user\desktop\курсовой проект\lek_2017\lek_2017\debug\lek_2017.tlog\cl.read.1.tlog
c:\users\user\desktop\курсовой проект\lek_2017\lek_2017\debug\lek_2017.tlog\cl.write.1.tlog
c:\users\user\desktop\курсовой проект\lek_2017\lek_2017\debug\lek_2017.tlog\link.command.1.tlog
c:\users\user\desktop\курсовой проект\lek_2017\lek_2017\debug\lek_2017.tlog\link.read.1.tlog
c:\users\user\desktop\курсовой проект\lek_2017\lek_2017\debug\lek_2017.tlog\link.write.1.tlog
